2025-08-05 13:33:05,187 - notification.line_bot - WARNING - LINE Bot設定が不完全です。通知機能は無効になります。
2025-08-05 13:33:05,187 - __main__ - INFO - === 納品リスト処理システム開始 ===
2025-08-05 13:33:05,187 - __main__ - INFO - フェーズ2: データ抽出処理開始
2025-08-05 13:33:05,187 - data.pdf_extractor - INFO - PDF抽出開始: /Users/masaya/project/CP_02_IPLoT/toichi/scraping-smacl/downloads/納品リストD_20250801021036.pdf
2025-08-05 13:33:05,207 - data.pdf_extractor - INFO - 商品コードパターン「商品コード[：:\s]*(\d+)」で発見: ['134490']
2025-08-05 13:33:05,208 - data.pdf_extractor - INFO - 抽出された商品コード: ['134490']
2025-08-05 13:33:05,208 - data.pdf_extractor - INFO - 商品コード抽出: 134490
2025-08-05 13:33:05,208 - data.pdf_extractor - INFO - 納品書類を解析: 1 品目
2025-08-05 13:33:05,208 - data.pdf_extractor - INFO - PDF抽出完了: 1 件の納品書類を抽出
2025-08-05 13:33:05,208 - data.pdf_extractor - INFO - PDF抽出開始: /Users/masaya/project/CP_02_IPLoT/toichi/scraping-smacl/downloads/納品リストD_20250801021105.pdf
2025-08-05 13:33:05,222 - data.pdf_extractor - INFO - 商品コードパターン「商品コード[：:\s]*(\d+)」で発見: ['134490']
2025-08-05 13:33:05,223 - data.pdf_extractor - INFO - 抽出された商品コード: ['134490']
2025-08-05 13:33:05,223 - data.pdf_extractor - INFO - 商品コード抽出: 134490
2025-08-05 13:33:05,223 - data.pdf_extractor - INFO - 納品書類を解析: 1 品目
2025-08-05 13:33:05,223 - data.pdf_extractor - INFO - PDF抽出完了: 1 件の納品書類を抽出
2025-08-05 13:33:05,223 - __main__ - INFO - 合計 2 件のデータを抽出しました
2025-08-05 13:33:05,223 - __main__ - INFO - フェーズ3: マスタ付け合わせ処理開始
2025-08-05 13:33:05,223 - data.excel_processor - INFO - マスタ付け合わせ処理開始
2025-08-05 13:33:05,223 - data.excel_processor - INFO - マスタファイル読み込み開始: /Users/masaya/project/CP_02_IPLoT/toichi/scraping-smacl/docs/角上魚類　配送依頼・出庫依頼.xlsx
2025-08-05 13:33:05,278 - data.excel_processor - INFO - マスタシートのカラム: ['角上魚類商品コード', '東市商品コード', '倉庫名', 'グループコード', '担当者', 'line', '荷印', '商品名', '入出庫_入荷規格', '入出庫_単位', '入出庫_重量/k', '入出庫_備考', 'Toms_入数', 'Toms_単位', 'Toms_売価', 'Toms_備考']
2025-08-05 13:33:05,280 - data.excel_processor - INFO - マスタデータ読み込み完了: 18 件
2025-08-05 13:33:05,280 - data.excel_processor - INFO - マスタ突合成功: コード=134490, 商品名=冷凍するめいかソーメン
2025-08-05 13:33:05,280 - data.excel_processor - INFO - 商品名補完: 134490 -> 冷凍するめいかソーメン
2025-08-05 13:33:05,280 - data.excel_processor - INFO - マスタ突合成功: コード=134490, 商品名=冷凍するめいかソーメン
2025-08-05 13:33:05,280 - data.excel_processor - INFO - 商品名補完: 134490 -> 冷凍するめいかソーメン
2025-08-05 13:33:05,280 - data.excel_processor - INFO - マスタ付け合わせ完了: 正常 2 件, エラー 0 件
2025-08-05 13:33:05,280 - __main__ - INFO - エラーはありませんでした
2025-08-05 13:33:05,280 - __main__ - INFO - === 処理完了 (処理時間: 0.1秒) ===
2025-08-05 13:33:20,151 - notification.line_bot - WARNING - LINE Bot設定が不完全です。通知機能は無効になります。
2025-08-05 13:33:20,151 - __main__ - INFO - === 納品リスト処理システム開始 ===
2025-08-05 13:33:20,151 - __main__ - INFO - フェーズ1: スクレイピング処理開始
2025-08-05 13:33:20,151 - scraping.smcl_scraper - INFO - === 納品リストダウンロード 開始 ===
2025-08-05 13:33:20,151 - scraping.smcl_scraper - INFO - システム: Darwin (arm64)
2025-08-05 13:33:20,152 - WDM - INFO - ====== WebDriver manager ======
2025-08-05 13:33:20,505 - WDM - INFO - Get LATEST chromedriver version for google-chrome
2025-08-05 13:33:20,589 - WDM - INFO - Get LATEST chromedriver version for google-chrome
2025-08-05 13:33:20,635 - WDM - INFO - Get LATEST chromedriver version for google-chrome
2025-08-05 13:33:20,739 - WDM - INFO - WebDriver version 138.0.7204.183 selected
2025-08-05 13:33:20,741 - WDM - INFO - Modern chrome version https://storage.googleapis.com/chrome-for-testing-public/138.0.7204.183/mac-arm64/chromedriver-mac-arm64.zip
2025-08-05 13:33:20,742 - WDM - INFO - About to download new driver from https://storage.googleapis.com/chrome-for-testing-public/138.0.7204.183/mac-arm64/chromedriver-mac-arm64.zip
2025-08-05 13:33:20,829 - WDM - INFO - Driver downloading response is 200
2025-08-05 13:33:21,025 - WDM - INFO - Get LATEST chromedriver version for google-chrome
2025-08-05 13:33:21,141 - WDM - INFO - Driver has been saved in cache [/Users/masaya/.wdm/drivers/chromedriver/mac64/138.0.7204.183]
2025-08-05 13:33:23,887 - scraping.smcl_scraper - INFO - ChromeDriver の初期化が完了しました
2025-08-05 13:33:23,888 - scraping.smcl_scraper - INFO - SMCLサイトにアクセス: https://smclweb.cs-cxchange.net/smcl/view/lin/EDS001OLIN0000.aspx
2025-08-05 13:33:24,282 - scraping.smcl_scraper - INFO - 現在のURL: https://smclweb.cs-cxchange.net/smcl/view/cmn/CommonError.aspx
2025-08-05 13:33:24,285 - scraping.smcl_scraper - INFO - ページタイトル: エラーページ
2025-08-05 13:33:24,291 - scraping.smcl_scraper - INFO - 再ログインボタンが見つかりました（ID指定）
2025-08-05 13:33:25,524 - scraping.smcl_scraper - INFO - 再ログインボタンをクリックしました
2025-08-05 13:33:28,534 - scraping.smcl_scraper - INFO - ログイン処理開始
2025-08-05 13:33:28,644 - scraping.smcl_scraper - INFO - 企業コード入力: I26S
2025-08-05 13:33:28,680 - scraping.smcl_scraper - INFO - ログインID入力: 0600200
2025-08-05 13:33:28,723 - scraping.smcl_scraper - INFO - パスワード入力完了
2025-08-05 13:33:29,921 - scraping.smcl_scraper - INFO - ログインボタンをクリックしました
2025-08-05 13:33:32,935 - scraping.smcl_scraper - INFO - ログインが完了しました
2025-08-05 13:33:32,936 - scraping.smcl_scraper - INFO - ユーザー選択処理開始
2025-08-05 13:33:32,957 - scraping.smcl_scraper - INFO - ユーザー選択リンク: 000000
2025-08-05 13:33:34,135 - scraping.smcl_scraper - INFO - ユーザー選択リンクをクリックしました
2025-08-05 13:33:37,144 - scraping.smcl_scraper - INFO - アプリトップへの遷移が完了しました
2025-08-05 13:33:37,144 - scraping.smcl_scraper - INFO - 処理ラウンド 1
2025-08-05 13:33:37,144 - scraping.smcl_scraper - INFO - 受注一覧遷移処理開始
2025-08-05 13:33:38,201 - scraping.smcl_scraper - INFO - 受注一覧タブをクリックしました
2025-08-05 13:33:41,232 - scraping.smcl_scraper - INFO - 現在の選択: 全て
2025-08-05 13:33:41,270 - scraping.smcl_scraper - INFO - 変更後の選択: 参照済
2025-08-05 13:33:43,398 - scraping.smcl_scraper - INFO - 検索ボタンをクリックしました
2025-08-05 13:33:48,414 - scraping.smcl_scraper - INFO - 検索結果データ行数: 27
2025-08-05 13:33:48,419 - scraping.smcl_scraper - INFO - メッセージ要素が見つかりません（データがある可能性）
2025-08-05 13:33:48,419 - scraping.smcl_scraper - INFO - 受注伝票詳細処理開始
2025-08-05 13:33:49,602 - scraping.smcl_scraper - INFO - 受注伝票詳細リンクをクリックしました
2025-08-05 13:33:52,630 - scraping.smcl_scraper - INFO - 現在の印刷種類: 納品リストA
2025-08-05 13:33:52,668 - scraping.smcl_scraper - INFO - 変更後の印刷種類: 納品リストD
2025-08-05 13:33:54,745 - scraping.smcl_scraper - INFO - 印刷ボタンをクリックしました（ダウンロード開始）
2025-08-05 13:34:00,793 - scraping.smcl_scraper - INFO - チェックボックスをクリックしました
